<?xml version="1.0" encoding="UTF-8"?>
<!-- Generated by org.testng.reporters.JUnitReportReporter -->
<testsuite skipped="0" hostname="DESKTOP-G46QBGA" name="cucumber.Options.Runner" tests="3" failures="0" timestamp="02 Jul 2020 14:12:55 GMT" time="22.696" errors="0">
  <testcase name="feature" time="7.637" classname="cucumber.Options.Runner"/>
  <testcase name="feature" time="6.824" classname="cucumber.Options.Runner"/>
  <testcase name="feature" time="8.235" classname="cucumber.Options.Runner"/>
</testsuite> <!-- cucumber.Options.Runner -->
