<?xml version="1.0" encoding="UTF-8"?>
<!-- Generated by org.testng.reporters.JUnitReportReporter -->
<testsuite skipped="0" hostname="DELL-PC" name="testRunner.Runner" tests="3" failures="0" timestamp="29 May 2020 17:36:45 GMT" time="38.345" errors="0">
  <testcase name="feature" time="9.750" classname="testRunner.Runner"/>
  <testcase name="feature" time="13.463" classname="testRunner.Runner"/>
  <testcase name="feature" time="15.132" classname="testRunner.Runner"/>
</testsuite> <!-- testRunner.Runner -->
